  Boost.cpp
c:\users\ilafe\onedrive\рабочий стол\komanda\bounce\bounce\boost.cpp(18): warning C4244: аргумент: преобразование "int" в "float", возможна потеря данных
c:\users\ilafe\onedrive\рабочий стол\komanda\bounce\bounce\boost.cpp(28): warning C4244: аргумент: преобразование "time_t" в "unsigned int", возможна потеря данных
c:\users\ilafe\onedrive\рабочий стол\komanda\bounce\bounce\boost.cpp(55): warning C4244: аргумент: преобразование "int" в "float", возможна потеря данных
c:\users\ilafe\onedrive\рабочий стол\komanda\bounce\bounce\boost.cpp(58): warning C4244: аргумент: преобразование "float" в "const _Ty", возможна потеря данных
          with
          [
              _Ty=int
          ]
c:\users\ilafe\onedrive\рабочий стол\komanda\bounce\bounce\boost.cpp(59): warning C4244: аргумент: преобразование "float" в "const _Ty", возможна потеря данных
          with
          [
              _Ty=int
          ]
c:\users\ilafe\onedrive\рабочий стол\komanda\bounce\bounce\boost.cpp(81): warning C4244: аргумент: преобразование "int" в "float", возможна потеря данных
  Создание кода
  1 of 367 functions ( 0.3%) were compiled, the rest were copied from previous compilation.
    0 functions were new in current compilation
    1 functions had inline decision re-evaluated but remain unchanged
  Создание кода завершено
  Bounce.vcxproj -> C:\Users\Ilafe\OneDrive\Рабочий стол\komanda\Bounce\x64\Release\Bounce.exe
