  wasp.cpp
c:\users\lisena\desktop\ss\bounce\bounce\wasp.h(24): warning C4305: инициализация: усечение из "double" в "float"
c:\users\lisena\desktop\ss\bounce\bounce\wasp.cpp(16): warning C4244: =: преобразование "int" в "float", возможна потеря данных
c:\users\lisena\desktop\ss\bounce\bounce\wasp.cpp(17): warning C4244: =: преобразование "int" в "float", возможна потеря данных
c:\users\lisena\desktop\ss\bounce\bounce\wasp.cpp(20): warning C4244: аргумент: преобразование "float" в "T", возможна потеря данных
          with
          [
              T=int
          ]
c:\users\lisena\desktop\ss\bounce\bounce\wasp.cpp(27): warning C4244: аргумент: преобразование "float" в "int", возможна потеря данных
c:\users\lisena\desktop\ss\bounce\bounce\wasp.cpp(37): warning C4244: аргумент: преобразование "float" в "int", возможна потеря данных
c:\users\lisena\desktop\ss\bounce\bounce\wasp.cpp(55): warning C4244: аргумент: преобразование "float" в "T", возможна потеря данных
          with
          [
              T=int
          ]
c:\users\lisena\desktop\ss\bounce\bounce\wasp.cpp(56): warning C4244: аргумент: преобразование "int" в "float", возможна потеря данных
c:\users\lisena\desktop\ss\bounce\bounce\wasp.cpp(59): warning C4244: =: преобразование "int" в "T", возможна потеря данных
          with
          [
              T=float
          ]
c:\users\lisena\desktop\ss\bounce\bounce\wasp.cpp(60): warning C4244: =: преобразование "int" в "T", возможна потеря данных
          with
          [
              T=float
          ]
c:\users\lisena\desktop\ss\bounce\bounce\wasp.cpp(103): warning C4244: аргумент: преобразование "float" в "T", возможна потеря данных
          with
          [
              T=int
          ]
c:\users\lisena\desktop\ss\bounce\bounce\wasp.cpp(104): warning C4244: аргумент: преобразование "float" в "T", возможна потеря данных
          with
          [
              T=int
          ]
c:\users\lisena\desktop\ss\bounce\bounce\wasp.cpp(131): warning C4244: инициализация: преобразование "T" в "int", возможна потеря данных
          with
          [
              T=float
          ]
c:\users\lisena\desktop\ss\bounce\bounce\wasp.cpp(132): warning C4244: инициализация: преобразование "T" в "int", возможна потеря данных
          with
          [
              T=float
          ]
  Создание кода
  2 of 345 functions ( 0.6%) were compiled, the rest were copied from previous compilation.
    0 functions were new in current compilation
    0 functions had inline decision re-evaluated but remain unchanged
  Создание кода завершено
  Bounce.vcxproj -> C:\Users\Lisena\Desktop\ss\Bounce\Release\Bounce.exe
