c:\users\doc\desktop\bounce\bounce\release\bounce.ipdb
c:\users\doc\desktop\bounce\bounce\release\bounce.iobj
c:\users\doc\desktop\bounce\bounce\bounce\release\vc141.pdb
c:\users\doc\desktop\bounce\bounce\bounce\release\wasp.obj
c:\users\doc\desktop\bounce\bounce\bounce\release\menu.obj
c:\users\doc\desktop\bounce\bounce\bounce\release\main.obj
c:\users\doc\desktop\bounce\bounce\bounce\release\enemy.obj
c:\users\doc\desktop\bounce\bounce\bounce\release\drawmaps.obj
c:\users\doc\desktop\bounce\bounce\bounce\release\camera.obj
c:\users\doc\desktop\bounce\bounce\bounce\release\boost.obj
c:\users\doc\desktop\bounce\bounce\bounce\release\ball.obj
c:\users\doc\desktop\bounce\bounce\release\bounce.exe
c:\users\doc\desktop\bounce\bounce\release\bounce.pdb
c:\users\doc\desktop\bounce\bounce\bounce\release\bounce.tlog\bounce.write.1u.tlog
c:\users\doc\desktop\bounce\bounce\bounce\release\bounce.tlog\cl.command.1.tlog
c:\users\doc\desktop\bounce\bounce\bounce\release\bounce.tlog\cl.read.1.tlog
c:\users\doc\desktop\bounce\bounce\bounce\release\bounce.tlog\cl.write.1.tlog
c:\users\doc\desktop\bounce\bounce\bounce\release\bounce.tlog\link.command.1.tlog
c:\users\doc\desktop\bounce\bounce\bounce\release\bounce.tlog\link.read.1.tlog
c:\users\doc\desktop\bounce\bounce\bounce\release\bounce.tlog\link.write.1.tlog
